ERROR - test!
[2018-03-20 14:21:22] ERROR () Widget (:)] - test!
[2018-03-20 14:21:37] ERROR () Widget (:)] - test!
[2018-03-20 14:33:07] ERROR () Widget (:)] - test!
[2018-03-20 15:04:47] ERROR () Widget (:)] - test!
[2018-03-20 15:06:06] ERROR () Widget (:)] - test!
[2018-04-02 08:31:24] ERROR () Widget (:)] - test!
[2018-04-10 09:10:14] ERROR () Widget (:)] - MVB板卡初始化失败
[2018-04-10 09:21:23] ERROR () Widget (:)] - MVB板卡初始化失败
[2018-04-10 09:28:26] ERROR () Widget (:)] - MVB板卡初始化失败
[2018-04-10 09:37:34] ERROR () Widget (:)] - MVB板卡初始化失败
[2018-04-10 09:50:57] ERROR () Widget (:)] - MVB板卡初始化失败
[2018-04-10 09:56:42] ERROR () Widget (:)] - MVB板卡初始化失败
[2018-04-17 13:18:16] ERROR () Widget (:)] - MVB板卡初始化失败
[2018-06-21 20:02:00] ERROR () Widget (:)] - MVB板卡设置操作模式失败
[2019-02-14 08:48:29] ERROR () Widget (:)] - MVB板卡设置操作模式失败
[2019-03-25 14:18:39] ERROR () Widget (:)] - MVB板卡设置操作模式失败
[2019-03-25 14:34:01] ERROR () Widget (:)] - MVB板卡设置操作模式失败
[2019-03-25 14:49:20] ERROR () Widget (:)] - MVB板卡设置操作模式失败
[2019-03-25 14:50:33] ERROR () Widget (:)] - MVB板卡设置操作模式失败
[2019-03-25 14:55:30] ERROR () Widget (:)] - MVB板卡设置操作模式失败
[2019-03-25 14:55:56] ERROR () Widget (:)] - MVB板卡设置操作模式失败
[2019-03-25 14:56:22] ERROR () Widget (:)] - MVB板卡设置操作模式失败
[2019-03-25 14:56:57] ERROR () Widget (:)] - MVB板卡设置操作模式失败
[2019-03-25 14:58:39] ERROR () Widget (:)] - MVB板卡设置操作模式失败
[2019-03-25 14:59:04] ERROR () Widget (:)] - MVB板卡设置操作模式失败
[2019-03-25 15:00:30] ERROR () Widget (:)] - MVB板卡设置操作模式失败
[2019-03-25 15:03:38] ERROR () Widget (:)] - MVB板卡设置操作模式失败
[2019-03-25 15:14:11] ERROR () Widget (:)] - MVB板卡设置操作模式失败
[2019-03-25 15:17:59] ERROR () Widget (:)] - MVB板卡设置操作模式失败
[2019-03-25 15:27:16] ERROR () Widget (:)] - MVB板卡设置操作模式失败
[2019-03-25 15:29:27] ERROR () Widget (:)] - MVB板卡设置操作模式失败
[2019-03-25 15:29:59] ERROR () Widget (:)] - MVB板卡设置操作模式失败
[2019-03-25 15:30:53] ERROR () Widget (:)] - MVB板卡设置操作模式失败
[2019-03-25 15:33:56] ERROR () Widget (:)] - MVB板卡设置操作模式失败
[2019-03-25 15:34:16] ERROR () Widget (:)] - MVB板卡设置操作模式失败
[2019-03-26 08:30:34] ERROR () Widget (:)] - MVB板卡设置操作模式失败
<<<<<<< HEAD
[2020-05-21 19:26:52] ERROR () Widget (:)] - MVB板卡初始化失败
[2020-05-21 19:28:29] ERROR () Widget (:)] - MVB板卡初始化失败
[2020-05-21 19:29:31] ERROR () Widget (:)] - MVB板卡初始化失败
[2020-05-21 20:45:32] ERROR () Widget (:)] - MVB板卡初始化失败
[2020-05-21 20:46:11] ERROR () Widget (:)] - MVB板卡初始化失败
[2020-05-21 21:03:39] ERROR () Widget (:)] - MVB板卡初始化失败
[2020-05-21 21:08:04] ERROR () Widget (:)] - MVB板卡初始化失败
[2020-05-21 21:10:26] ERROR () Widget (:)] - MVB板卡初始化失败
[2020-05-21 21:11:35] ERROR () Widget (:)] - MVB板卡初始化失败
[2020-05-21 21:13:56] ERROR () Widget (:)] - MVB板卡初始化失败
[2020-05-21 21:16:32] ERROR () Widget (:)] - MVB板卡初始化失败
[2020-05-21 21:17:06] ERROR () Widget (:)] - MVB板卡初始化失败
[2020-05-21 21:18:12] ERROR () Widget (:)] - MVB板卡初始化失败
[2020-05-21 21:20:01] ERROR () Widget (:)] - MVB板卡初始化失败
[2020-05-21 21:20:55] ERROR () Widget (:)] - MVB板卡初始化失败
[2020-05-21 21:26:58] ERROR () Widget (:)] - MVB板卡初始化失败
[2020-05-21 21:27:20] ERROR () Widget (:)] - MVB板卡初始化失败
[2020-05-21 21:31:22] ERROR () Widget (:)] - MVB板卡初始化失败
[2020-05-21 21:32:11] ERROR () Widget (:)] - MVB板卡初始化失败
[2020-05-21 21:32:38] ERROR () Widget (:)] - MVB板卡初始化失败
[2020-05-21 21:33:07] ERROR () Widget (:)] - MVB板卡初始化失败
[2020-05-21 21:33:22] ERROR () Widget (:)] - MVB板卡初始化失败
[2020-05-21 21:33:57] ERROR () Widget (:)] - MVB板卡初始化失败
[2020-05-21 21:39:48] ERROR () Widget (:)] - MVB板卡初始化失败
[2020-05-21 21:40:49] ERROR () Widget (:)] - MVB板卡初始化失败
[2020-05-21 21:44:45] ERROR () Widget (:)] - MVB板卡初始化失败
[2020-05-21 21:46:22] ERROR () Widget (:)] - MVB板卡初始化失败
[2020-05-21 21:47:00] ERROR () Widget (:)] - MVB板卡初始化失败
[2020-05-21 21:47:54] ERROR () Widget (:)] - MVB板卡初始化失败
[2020-05-22 08:03:43] ERROR () Widget (:)] - MVB板卡初始化失败
[2020-05-22 08:05:26] ERROR () Widget (:)] - MVB板卡初始化失败
[2020-05-22 08:07:01] ERROR () Widget (:)] - MVB板卡初始化失败
=======
[2020-04-17 15:05:32] ERROR () Widget (:)] - MVB板卡初始化失败
[2020-04-17 15:08:39] ERROR () Widget (:)] - MVB板卡初始化失败
[2020-04-17 15:21:27] ERROR () Widget (:)] - MVB板卡初始化失败
[2020-04-17 15:21:34] ERROR () Widget (:)] - MVB板卡初始化失败
[2020-04-17 15:23:22] ERROR () Widget (:)] - MVB板卡初始化失败
[2020-04-17 15:24:05] ERROR () Widget (:)] - MVB板卡初始化失败
[2020-04-17 15:55:01] ERROR () Widget (:)] - MVB板卡初始化失败
[2020-04-20 09:24:37] ERROR () Widget (:)] - MVB板卡初始化失败
[2020-04-20 09:25:56] ERROR () Widget (:)] - MVB板卡初始化失败
[2020-04-20 09:26:02] ERROR () Widget (:)] - MVB板卡初始化失败
[2020-04-20 09:46:17] ERROR () Widget (:)] - MVB板卡初始化失败
[2020-04-20 10:21:18] ERROR () Widget (:)] - MVB板卡初始化失败
[2020-04-20 11:03:07] ERROR () Widget (:)] - MVB板卡初始化失败
[2020-04-20 11:03:55] ERROR () Widget (:)] - MVB板卡初始化失败
[2020-04-20 15:40:06] ERROR () Widget (:)] - MVB板卡初始化失败
[2020-04-20 15:44:05] ERROR () Widget (:)] - MVB板卡初始化失败
[2020-04-20 15:48:09] ERROR () Widget (:)] - MVB板卡初始化失败
[2020-04-21 09:40:36] ERROR () Widget (:)] - MVB板卡初始化失败
[2020-04-21 09:44:29] ERROR () Widget (:)] - MVB板卡初始化失败
[2020-04-21 10:33:40] ERROR () Widget (:)] - MVB板卡初始化失败
[2020-04-21 10:34:16] ERROR () Widget (:)] - MVB板卡初始化失败
[2020-04-21 10:39:58] ERROR () Widget (:)] - MVB板卡初始化失败
[2020-04-22 11:27:15] ERROR () Widget (:)] - MVB板卡初始化失败
[2020-04-22 14:35:31] ERROR () Widget (:)] - MVB板卡初始化失败
[2020-04-22 14:36:08] ERROR () Widget (:)] - MVB板卡初始化失败
[2020-04-22 14:37:16] ERROR () Widget (:)] - MVB板卡初始化失败
[2020-04-22 14:37:59] ERROR () Widget (:)] - MVB板卡初始化失败
[2020-04-23 14:54:21] ERROR () Widget (:)] - MVB板卡初始化失败
[2020-04-23 14:55:38] ERROR () Widget (:)] - MVB板卡初始化失败
[2020-04-23 14:56:33] ERROR () Widget (:)] - MVB板卡初始化失败
[2020-04-23 15:00:29] ERROR () Widget (:)] - MVB板卡初始化失败
[2020-04-23 15:01:43] ERROR () Widget (:)] - MVB板卡初始化失败
[2020-04-23 15:03:23] ERROR () Widget (:)] - MVB板卡初始化失败
[2020-04-23 15:13:16] ERROR () Widget (:)] - MVB板卡初始化失败
[2020-04-23 15:15:33] ERROR () Widget (:)] - MVB板卡初始化失败
[2020-04-23 15:18:18] ERROR () Widget (:)] - MVB板卡初始化失败
[2020-04-23 15:23:23] ERROR () Widget (:)] - MVB板卡初始化失败
[2020-04-23 15:27:19] ERROR () Widget (:)] - MVB板卡初始化失败
[2020-04-23 15:28:13] ERROR () Widget (:)] - MVB板卡初始化失败
[2020-04-24 14:36:41] ERROR () Widget (:)] - MVB板卡初始化失败
[2020-04-24 14:59:54] ERROR () Widget (:)] - MVB板卡初始化失败
[2020-04-27 11:09:16] ERROR () Widget (:)] - MVB板卡初始化失败
[2020-04-28 15:43:19] ERROR () Widget (:)] - MVB板卡初始化失败
[2020-04-29 10:59:07] ERROR () Widget (:)] - MVB板卡初始化失败
[2020-04-29 11:23:08] ERROR () Widget (:)] - MVB板卡初始化失败
[2020-05-07 13:53:10] ERROR () Widget (:)] - MVB板卡初始化失败
[2020-05-07 15:43:08] ERROR () Widget (:)] - MVB板卡初始化失败
[2020-05-07 15:50:13] ERROR () Widget (:)] - MVB板卡初始化失败
[2020-05-07 15:51:05] ERROR () Widget (:)] - MVB板卡初始化失败
[2020-05-08 09:51:17] ERROR () Widget (:)] - MVB板卡初始化失败
[2020-05-08 09:53:40] ERROR () Widget (:)] - MVB板卡初始化失败
[2020-05-19 08:40:04] ERROR () Widget (:)] - MVB板卡初始化失败
[2020-05-19 08:45:05] ERROR () Widget (:)] - MVB板卡初始化失败
[2020-05-19 08:46:27] ERROR () Widget (:)] - MVB板卡初始化失败
[2020-05-19 09:02:28] ERROR () Widget (:)] - MVB板卡初始化失败
[2020-05-19 11:01:25] ERROR () Widget (:)] - MVB板卡初始化失败
[2020-05-19 11:02:56] ERROR () Widget (:)] - MVB板卡初始化失败
[2020-05-19 11:04:33] ERROR () Widget (:)] - MVB板卡初始化失败
[2020-05-19 11:05:17] ERROR () Widget (:)] - MVB板卡初始化失败
[2020-05-19 11:06:11] ERROR () Widget (:)] - MVB板卡初始化失败
[2020-05-19 11:07:57] ERROR () Widget (:)] - MVB板卡初始化失败
[2020-05-19 11:11:04] ERROR () Widget (:)] - MVB板卡初始化失败
[2020-05-19 11:15:52] ERROR () Widget (:)] - MVB板卡初始化失败
[2020-05-19 11:21:26] ERROR () Widget (:)] - MVB板卡初始化失败
[2020-05-19 11:33:55] ERROR () Widget (:)] - MVB板卡初始化失败
[2020-05-21 09:03:06] ERROR () Widget (:)] - MVB板卡初始化失败
[2020-05-21 09:06:49] ERROR () Widget (:)] - MVB板卡初始化失败
[2020-05-21 09:16:39] ERROR () Widget (:)] - MVB板卡初始化失败
[2020-05-21 09:19:42] ERROR () Widget (:)] - MVB板卡初始化失败
[2020-05-21 09:20:28] ERROR () Widget (:)] - MVB板卡初始化失败
[2020-05-21 09:22:45] ERROR () Widget (:)] - MVB板卡初始化失败
[2020-05-21 09:27:00] ERROR () Widget (:)] - MVB板卡初始化失败
[2020-05-21 09:31:54] ERROR () Widget (:)] - MVB板卡初始化失败
[2020-05-21 09:33:31] ERROR () Widget (:)] - MVB板卡初始化失败
[2020-05-21 09:35:13] ERROR () Widget (:)] - MVB板卡初始化失败
[2020-05-21 09:37:29] ERROR () Widget (:)] - MVB板卡初始化失败
[2020-05-21 09:37:50] ERROR () Widget (:)] - MVB板卡初始化失败
[2020-05-21 09:44:00] ERROR () Widget (:)] - MVB板卡初始化失败
[2020-05-21 09:46:46] ERROR () Widget (:)] - MVB板卡初始化失败
[2020-05-21 09:48:56] ERROR () Widget (:)] - MVB板卡初始化失败
[2020-05-21 10:17:34] ERROR () Widget (:)] - MVB板卡初始化失败
[2020-05-21 10:28:36] ERROR () Widget (:)] - MVB板卡初始化失败
[2020-05-21 10:28:36] ERROR () Widget (:)] - MVB板卡初始化失败
[2020-05-21 10:30:02] ERROR () Widget (:)] - MVB板卡初始化失败
[2020-05-21 10:35:28] ERROR () Widget (:)] - MVB板卡初始化失败
[2020-05-21 10:35:53] ERROR () Widget (:)] - MVB板卡初始化失败
[2020-05-21 10:52:28] ERROR () Widget (:)] - MVB板卡初始化失败
>>>>>>> f6d45613e798801847f62483f25c6d2e921fb1d8
